2025-10-19 09:57:38,388 - SyncCardsLogger - INFO - InputHandler iniciado com filepath=input/data.json
2025-10-19 09:57:38,389 - SyncCardsLogger - INFO - Arquivo input/data.json lido com sucesso. 1 item(s) carregado(s).
2025-10-19 09:57:38,389 - SyncCardsLogger - INFO - Dados coletados: [{'front': 'Qual a capital da França?', 'back': 'Paris'}]
2025-10-19 09:57:38,389 - SyncCardsLogger - INFO - Processador iniciado com 1 item(s).
2025-10-19 09:57:38,389 - SyncCardsLogger - INFO - Processamento concluído: 1 item(s) válidos, 0 item(s) com erros.
2025-10-19 09:57:38,389 - SyncCardsLogger - INFO - Itens processados: [{'front': 'Qual a capital da França?', 'back': 'Paris'}]
2025-10-19 09:57:38,389 - SyncCardsLogger - INFO - NoteFactory iniciado com 1 item(s) processado(s).
2025-10-19 09:57:38,389 - SyncCardsLogger - DEBUG - Nota 0 criada: Front='Qual a capital da França?', Back='Paris'
2025-10-19 09:57:38,389 - SyncCardsLogger - INFO - Total de 1 nota(s) criada(s).
2025-10-19 09:57:38,389 - SyncCardsLogger - INFO - Notas criadas: [{'deckName': 'Default', 'modelName': 'Basic', 'fields': {'Front': 'Qual a capital da França?', 'Back': 'Paris'}, 'tags': []}]
2025-10-19 10:05:37,230 - SyncCardsLogger - INFO - InputHandler iniciado com filepath=input/data.json
2025-10-19 10:05:37,231 - SyncCardsLogger - INFO - Arquivo input/data.json lido com sucesso. 1 item(s) carregado(s).
2025-10-19 10:05:37,231 - SyncCardsLogger - INFO - Dados coletados: [{'front': 'Qual a capital da França?', 'back': 'Paris'}]
2025-10-19 10:05:37,231 - SyncCardsLogger - INFO - Processador iniciado com 1 item(s).
2025-10-19 10:05:37,231 - SyncCardsLogger - INFO - Processamento concluído: 1 item(s) válidos, 0 item(s) com erros.
2025-10-19 10:05:37,231 - SyncCardsLogger - INFO - Itens processados: [{'front': 'Qual a capital da França?', 'back': 'Paris'}]
2025-10-19 10:05:37,231 - SyncCardsLogger - INFO - NoteFactory iniciado com 1 item(s) processado(s).
2025-10-19 10:05:37,232 - SyncCardsLogger - DEBUG - Nota 0 criada: Front='Qual a capital da França?', Back='Paris'
2025-10-19 10:05:37,232 - SyncCardsLogger - INFO - Total de 1 nota(s) criada(s).
2025-10-19 10:05:37,232 - SyncCardsLogger - INFO - Notas criadas: [{'deckName': 'Default', 'modelName': 'Basic', 'fields': {'Front': 'Qual a capital da França?', 'Back': 'Paris'}, 'tags': []}]
2025-10-19 10:06:59,103 - SyncCardsLogger - INFO - InputHandler iniciado com filepath=input/data.json
2025-10-19 10:06:59,103 - SyncCardsLogger - INFO - Arquivo input/data.json lido com sucesso. 1 item(s) carregado(s).
2025-10-19 10:06:59,103 - SyncCardsLogger - INFO - Dados coletados: [{'front': 'Qual a capital da França?', 'back': 'Paris'}]
2025-10-19 10:06:59,104 - SyncCardsLogger - INFO - Processador iniciado com 1 item(s).
2025-10-19 10:06:59,104 - SyncCardsLogger - INFO - Processamento concluído: 1 item(s) válidos, 0 item(s) com erros.
2025-10-19 10:06:59,104 - SyncCardsLogger - INFO - Itens processados: [{'front': 'Qual a capital da França?', 'back': 'Paris'}]
2025-10-19 10:06:59,104 - SyncCardsLogger - INFO - NoteFactory iniciado com 1 item(s) processado(s).
2025-10-19 10:06:59,104 - SyncCardsLogger - DEBUG - Nota 0 criada: Front='Qual a capital da França?', Back='Paris'
2025-10-19 10:06:59,104 - SyncCardsLogger - INFO - Total de 1 nota(s) criada(s).
2025-10-19 10:06:59,104 - SyncCardsLogger - INFO - Notas criadas: [{'deckName': 'Default', 'modelName': 'Basic', 'fields': {'Front': 'Qual a capital da França?', 'Back': 'Paris'}, 'tags': []}]
2025-10-20 10:28:16,490 - SyncCardsLogger - INFO - InputHandler iniciado com filepath=input/data.json
2025-10-20 10:28:16,490 - SyncCardsLogger - INFO - Arquivo input/data.json lido com sucesso. 1 item(s) carregado(s).
2025-10-20 10:28:16,490 - SyncCardsLogger - INFO - Dados coletados: [{'front': 'Qual a capital da França?', 'back': 'Paris'}]
2025-10-20 10:28:16,490 - SyncCardsLogger - INFO - Processador iniciado com 1 item(s).
2025-10-20 10:28:16,490 - SyncCardsLogger - INFO - Processamento concluído: 1 item(s) válidos, 0 item(s) com erros.
2025-10-20 10:28:16,491 - SyncCardsLogger - INFO - Itens processados: [{'front': 'Qual a capital da França?', 'back': 'Paris'}]
2025-10-20 10:28:16,491 - SyncCardsLogger - INFO - NoteFactory iniciado com 1 item(s) processado(s).
2025-10-20 10:28:16,491 - SyncCardsLogger - DEBUG - Nota 0 criada: Front='Qual a capital da França?', Back='Paris'
2025-10-20 10:28:16,491 - SyncCardsLogger - INFO - Total de 1 nota(s) criada(s).
2025-10-20 10:28:16,491 - SyncCardsLogger - INFO - Notas criadas: [{'deckName': 'Default', 'modelName': 'Basic', 'fields': {'Front': 'Qual a capital da França?', 'Back': 'Paris'}, 'tags': []}]
2025-10-20 10:28:16,491 - SyncCardsLogger - INFO - ModelBuilder iniciado com 1 nota(s).
2025-10-20 10:28:16,491 - SyncCardsLogger - DEBUG - Modelo 0 criado para nota: Front='Qual a capital da França?', Back='Paris'
2025-10-20 10:28:16,491 - SyncCardsLogger - INFO - Total de 1 modelo(s) criado(s).
2025-10-20 10:28:16,491 - SyncCardsLogger - INFO - Modelos criados: [{'action': 'addNote', 'version': 6, 'params': {'note': {'deckName': 'Default', 'modelName': 'Basic', 'fields': {'Front': 'Qual a capital da França?', 'Back': 'Paris'}, 'tags': []}}}]
2025-10-20 10:41:13,888 - SyncCardsLogger - INFO - InputHandler iniciado com filepath=input/data.json
2025-10-20 10:41:13,889 - SyncCardsLogger - INFO - Arquivo input/data.json lido com sucesso. 1 item(s) carregado(s).
2025-10-20 10:41:13,889 - SyncCardsLogger - INFO - Dados coletados: [{'front': 'Qual a capital da França?', 'back': 'Paris'}]
2025-10-20 10:41:13,889 - SyncCardsLogger - INFO - Processador iniciado com 1 item(s).
2025-10-20 10:41:13,889 - SyncCardsLogger - INFO - Processamento concluído: 1 item(s) válidos, 0 item(s) com erros.
2025-10-20 10:41:13,889 - SyncCardsLogger - INFO - Itens processados: [{'front': 'Qual a capital da França?', 'back': 'Paris'}]
2025-10-20 10:41:13,889 - SyncCardsLogger - INFO - NoteFactory iniciado com 1 item(s) processado(s).
2025-10-20 10:41:13,889 - SyncCardsLogger - DEBUG - Nota 0 criada: Front='Qual a capital da França?', Back='Paris'
2025-10-20 10:41:13,889 - SyncCardsLogger - INFO - Total de 1 nota(s) criada(s).
2025-10-20 10:41:13,889 - SyncCardsLogger - INFO - Notas criadas: [{'deckName': 'Default', 'modelName': 'Basic', 'fields': {'Front': 'Qual a capital da França?', 'Back': 'Paris'}, 'tags': []}]
2025-10-20 10:41:13,889 - SyncCardsLogger - INFO - ModelBuilder iniciado com 1 nota(s).
2025-10-20 10:41:13,889 - SyncCardsLogger - DEBUG - Modelo 0 criado para nota: Front='Qual a capital da França?', Back='Paris'
2025-10-20 10:41:13,889 - SyncCardsLogger - INFO - Total de 1 modelo(s) criado(s).
2025-10-20 10:41:13,889 - SyncCardsLogger - INFO - Modelos criados: [{'action': 'addNote', 'version': 6, 'params': {'note': {'deckName': 'Default', 'modelName': 'Basic', 'fields': {'Front': 'Qual a capital da França?', 'Back': 'Paris'}, 'tags': []}}}]
2025-10-20 10:41:13,889 - SyncCardsLogger - INFO - AnkiService iniciado com 1 modelo(s).
2025-10-20 10:41:13,890 - SyncCardsLogger - INFO - Iniciando envio de 1 modelo(s) para o AnkiConnect.
2025-10-20 10:41:13,890 - SyncCardsLogger - DEBUG - Enviando modelo 1/1: {'action': 'addNote', 'version': 6, 'params': {'note': {'deckName': 'Default', 'modelName': 'Basic', 'fields': {'Front': 'Qual a capital da França?', 'Back': 'Paris'}, 'tags': []}}}
2025-10-20 10:41:13,890 - SyncCardsLogger - DEBUG - POST para http://localhost:8080 com payload: {'action': 'addNote', 'version': 6, 'params': {'note': {'deckName': 'Default', 'modelName': 'Basic', 'fields': {'Front': 'Qual a capital da França?', 'Back': 'Paris'}, 'tags': []}}}
2025-10-20 10:41:13,899 - SyncCardsLogger - ERROR - Erro ao enviar modelo para AnkiConnect: 501 Server Error: Unsupported method ('POST') for url: http://localhost:8080/
2025-10-20 10:41:13,899 - SyncCardsLogger - DEBUG - Resposta do modelo 1: {'error': "501 Server Error: Unsupported method ('POST') for url: http://localhost:8080/"}
2025-10-20 10:41:13,899 - SyncCardsLogger - INFO - Envio concluído. 1 resposta(s) recebida(s).
2025-10-20 10:41:13,899 - SyncCardsLogger - INFO - Resultados finais: [{'error': "501 Server Error: Unsupported method ('POST') for url: http://localhost:8080/"}]
2025-10-20 10:54:51,845 - SyncCardsLogger - INFO - InputHandler iniciado com filepath=input/data.json
2025-10-20 10:54:51,850 - SyncCardsLogger - INFO - Arquivo input/data.json lido com sucesso. 1 item(s) carregado(s).
2025-10-20 10:54:51,851 - SyncCardsLogger - INFO - Dados coletados: [{'front': 'Qual a capital da França?', 'back': 'Paris'}]
2025-10-20 10:54:51,851 - SyncCardsLogger - INFO - Processador iniciado com 1 item(s).
2025-10-20 10:54:51,851 - SyncCardsLogger - INFO - Processamento concluído: 1 item(s) válidos, 0 item(s) com erros.
2025-10-20 10:54:51,851 - SyncCardsLogger - INFO - Itens processados: [{'front': 'Qual a capital da França?', 'back': 'Paris'}]
2025-10-20 10:54:51,851 - SyncCardsLogger - INFO - NoteFactory iniciado com 1 item(s) processado(s).
2025-10-20 10:54:51,852 - SyncCardsLogger - DEBUG - Nota 0 criada: Front='Qual a capital da França?', Back='Paris'
2025-10-20 10:54:51,852 - SyncCardsLogger - INFO - Total de 1 nota(s) criada(s).
2025-10-20 10:54:51,852 - SyncCardsLogger - INFO - Notas criadas: [{'deckName': 'Default', 'modelName': 'Basic', 'fields': {'Front': 'Qual a capital da França?', 'Back': 'Paris'}, 'tags': []}]
2025-10-20 10:54:51,852 - SyncCardsLogger - INFO - ModelBuilder iniciado com 1 nota(s).
2025-10-20 10:54:51,852 - SyncCardsLogger - DEBUG - Modelo 0 criado para nota: Front='Qual a capital da França?', Back='Paris'
2025-10-20 10:54:51,852 - SyncCardsLogger - INFO - Total de 1 modelo(s) criado(s).
2025-10-20 10:54:51,852 - SyncCardsLogger - INFO - Modelos criados: [{'action': 'addNote', 'version': 6, 'params': {'note': {'deckName': 'Default', 'modelName': 'Basic', 'fields': {'Front': 'Qual a capital da França?', 'Back': 'Paris'}, 'tags': []}}}]
2025-10-20 10:54:51,852 - SyncCardsLogger - INFO - AnkiService iniciado com 1 modelo(s).
2025-10-20 10:54:51,852 - SyncCardsLogger - INFO - Iniciando envio de 1 modelo(s) para o AnkiConnect.
2025-10-20 10:54:51,852 - SyncCardsLogger - DEBUG - Enviando modelo 1/1: {'action': 'addNote', 'version': 6, 'params': {'note': {'deckName': 'Default', 'modelName': 'Basic', 'fields': {'Front': 'Qual a capital da França?', 'Back': 'Paris'}, 'tags': []}}}
2025-10-20 10:54:51,852 - SyncCardsLogger - DEBUG - POST para http://127.0.0.1:5000 com payload: {'action': 'addNote', 'version': 6, 'params': {'note': {'deckName': 'Default', 'modelName': 'Basic', 'fields': {'Front': 'Qual a capital da França?', 'Back': 'Paris'}, 'tags': []}}}
2025-10-20 10:54:51,861 - SyncCardsLogger - ERROR - Erro ao enviar modelo para AnkiConnect: 405 Client Error: METHOD NOT ALLOWED for url: http://127.0.0.1:5000/
2025-10-20 10:54:51,861 - SyncCardsLogger - DEBUG - Resposta do modelo 1: {'error': '405 Client Error: METHOD NOT ALLOWED for url: http://127.0.0.1:5000/'}
2025-10-20 10:54:51,862 - SyncCardsLogger - INFO - Envio concluído. 1 resposta(s) recebida(s).
2025-10-20 10:54:51,862 - SyncCardsLogger - INFO - Resultados finais: [{'error': '405 Client Error: METHOD NOT ALLOWED for url: http://127.0.0.1:5000/'}]
2025-10-20 10:58:56,448 - SyncCardsLogger - INFO - InputHandler iniciado com filepath=input/data.json
2025-10-20 10:58:56,448 - SyncCardsLogger - INFO - Arquivo input/data.json lido com sucesso. 1 item(s) carregado(s).
2025-10-20 10:58:56,449 - SyncCardsLogger - INFO - Dados coletados: [{'front': 'Qual a capital da França?', 'back': 'Paris'}]
2025-10-20 10:58:56,449 - SyncCardsLogger - INFO - Processador iniciado com 1 item(s).
2025-10-20 10:58:56,449 - SyncCardsLogger - INFO - Processamento concluído: 1 item(s) válidos, 0 item(s) com erros.
2025-10-20 10:58:56,449 - SyncCardsLogger - INFO - Itens processados: [{'front': 'Qual a capital da França?', 'back': 'Paris'}]
2025-10-20 10:58:56,449 - SyncCardsLogger - INFO - NoteFactory iniciado com 1 item(s) processado(s).
2025-10-20 10:58:56,449 - SyncCardsLogger - DEBUG - Nota 0 criada: Front='Qual a capital da França?', Back='Paris'
2025-10-20 10:58:56,449 - SyncCardsLogger - INFO - Total de 1 nota(s) criada(s).
2025-10-20 10:58:56,449 - SyncCardsLogger - INFO - Notas criadas: [{'deckName': 'Default', 'modelName': 'Basic', 'fields': {'Front': 'Qual a capital da França?', 'Back': 'Paris'}, 'tags': []}]
2025-10-20 10:58:56,449 - SyncCardsLogger - INFO - ModelBuilder iniciado com 1 nota(s).
2025-10-20 10:58:56,449 - SyncCardsLogger - DEBUG - Modelo 0 criado para nota: Front='Qual a capital da França?', Back='Paris'
2025-10-20 10:58:56,449 - SyncCardsLogger - INFO - Total de 1 modelo(s) criado(s).
2025-10-20 10:58:56,449 - SyncCardsLogger - INFO - Modelos criados: [{'action': 'addNote', 'version': 6, 'params': {'note': {'deckName': 'Default', 'modelName': 'Basic', 'fields': {'Front': 'Qual a capital da França?', 'Back': 'Paris'}, 'tags': []}}}]
2025-10-20 10:58:56,449 - SyncCardsLogger - INFO - AnkiService iniciado com 1 modelo(s).
2025-10-20 10:58:56,449 - SyncCardsLogger - INFO - Iniciando envio de 1 modelo(s) para o AnkiConnect.
2025-10-20 10:58:56,449 - SyncCardsLogger - DEBUG - Enviando modelo 1/1: {'action': 'addNote', 'version': 6, 'params': {'note': {'deckName': 'Default', 'modelName': 'Basic', 'fields': {'Front': 'Qual a capital da França?', 'Back': 'Paris'}, 'tags': []}}}
2025-10-20 10:58:56,450 - SyncCardsLogger - DEBUG - POST para http://127.0.0.1:5000/test com payload: {'action': 'addNote', 'version': 6, 'params': {'note': {'deckName': 'Default', 'modelName': 'Basic', 'fields': {'Front': 'Qual a capital da França?', 'Back': 'Paris'}, 'tags': []}}}
2025-10-20 10:58:56,455 - SyncCardsLogger - INFO - Resposta do AnkiConnect recebida: {'received': {'action': 'addNote', 'params': {'note': {'deckName': 'Default', 'fields': {'Back': 'Paris', 'Front': 'Qual a capital da França?'}, 'modelName': 'Basic', 'tags': []}}, 'version': 6}}
2025-10-20 10:58:56,457 - SyncCardsLogger - DEBUG - Resposta do modelo 1: {'received': {'action': 'addNote', 'params': {'note': {'deckName': 'Default', 'fields': {'Back': 'Paris', 'Front': 'Qual a capital da França?'}, 'modelName': 'Basic', 'tags': []}}, 'version': 6}}
2025-10-20 10:58:56,457 - SyncCardsLogger - INFO - Envio concluído. 1 resposta(s) recebida(s).
2025-10-20 10:58:56,457 - SyncCardsLogger - INFO - Resultados finais: [{'received': {'action': 'addNote', 'params': {'note': {'deckName': 'Default', 'fields': {'Back': 'Paris', 'Front': 'Qual a capital da França?'}, 'modelName': 'Basic', 'tags': []}}, 'version': 6}}]
2025-10-20 10:59:42,792 - SyncCardsLogger - INFO - InputHandler iniciado com filepath=input/data.json
2025-10-20 10:59:42,792 - SyncCardsLogger - INFO - Arquivo input/data.json lido com sucesso. 1 item(s) carregado(s).
2025-10-20 10:59:42,792 - SyncCardsLogger - INFO - Dados coletados: [{'front': 'Qual a capital da França?', 'back': 'Paris'}]
2025-10-20 10:59:42,792 - SyncCardsLogger - INFO - Processador iniciado com 1 item(s).
2025-10-20 10:59:42,793 - SyncCardsLogger - INFO - Processamento concluído: 1 item(s) válidos, 0 item(s) com erros.
2025-10-20 10:59:42,793 - SyncCardsLogger - INFO - Itens processados: [{'front': 'Qual a capital da França?', 'back': 'Paris'}]
2025-10-20 10:59:42,793 - SyncCardsLogger - INFO - NoteFactory iniciado com 1 item(s) processado(s).
2025-10-20 10:59:42,793 - SyncCardsLogger - DEBUG - Nota 0 criada: Front='Qual a capital da França?', Back='Paris'
2025-10-20 10:59:42,793 - SyncCardsLogger - INFO - Total de 1 nota(s) criada(s).
2025-10-20 10:59:42,793 - SyncCardsLogger - INFO - Notas criadas: [{'deckName': 'Default', 'modelName': 'Basic', 'fields': {'Front': 'Qual a capital da França?', 'Back': 'Paris'}, 'tags': []}]
2025-10-20 10:59:42,793 - SyncCardsLogger - INFO - ModelBuilder iniciado com 1 nota(s).
2025-10-20 10:59:42,794 - SyncCardsLogger - DEBUG - Modelo 0 criado para nota: Front='Qual a capital da França?', Back='Paris'
2025-10-20 10:59:42,794 - SyncCardsLogger - INFO - Total de 1 modelo(s) criado(s).
2025-10-20 10:59:42,794 - SyncCardsLogger - INFO - Modelos criados: [{'action': 'addNote', 'version': 6, 'params': {'note': {'deckName': 'Default', 'modelName': 'Basic', 'fields': {'Front': 'Qual a capital da França?', 'Back': 'Paris'}, 'tags': []}}}]
2025-10-20 10:59:42,794 - SyncCardsLogger - INFO - AnkiService iniciado com 1 modelo(s).
2025-10-20 10:59:42,794 - SyncCardsLogger - INFO - Iniciando envio de 1 modelo(s) para o AnkiConnect.
2025-10-20 10:59:42,794 - SyncCardsLogger - DEBUG - Enviando modelo 1/1: {'action': 'addNote', 'version': 6, 'params': {'note': {'deckName': 'Default', 'modelName': 'Basic', 'fields': {'Front': 'Qual a capital da França?', 'Back': 'Paris'}, 'tags': []}}}
2025-10-20 10:59:42,794 - SyncCardsLogger - DEBUG - POST para http://127.0.0.1:5000/test com payload: {'action': 'addNote', 'version': 6, 'params': {'note': {'deckName': 'Default', 'modelName': 'Basic', 'fields': {'Front': 'Qual a capital da França?', 'Back': 'Paris'}, 'tags': []}}}
2025-10-20 10:59:42,800 - SyncCardsLogger - INFO - Resposta do AnkiConnect recebida: {'received': {'action': 'addNote', 'params': {'note': {'deckName': 'Default', 'fields': {'Back': 'Paris', 'Front': 'Qual a capital da França?'}, 'modelName': 'Basic', 'tags': []}}, 'version': 6}}
2025-10-20 10:59:42,801 - SyncCardsLogger - DEBUG - Resposta do modelo 1: {'received': {'action': 'addNote', 'params': {'note': {'deckName': 'Default', 'fields': {'Back': 'Paris', 'Front': 'Qual a capital da França?'}, 'modelName': 'Basic', 'tags': []}}, 'version': 6}}
2025-10-20 10:59:42,801 - SyncCardsLogger - INFO - Envio concluído. 1 resposta(s) recebida(s).
2025-10-20 10:59:42,801 - SyncCardsLogger - INFO - Resultados finais: [{'received': {'action': 'addNote', 'params': {'note': {'deckName': 'Default', 'fields': {'Back': 'Paris', 'Front': 'Qual a capital da França?'}, 'modelName': 'Basic', 'tags': []}}, 'version': 6}}]
2025-10-20 11:01:24,354 - SyncCardsLogger - INFO - InputHandler iniciado com filepath=input/data.json
2025-10-20 11:01:24,354 - SyncCardsLogger - INFO - Arquivo input/data.json lido com sucesso. 1 item(s) carregado(s).
2025-10-20 11:01:24,354 - SyncCardsLogger - INFO - Dados coletados: [{'front': 'Qual a capital da França?', 'back': 'Paris'}]
2025-10-20 11:01:24,354 - SyncCardsLogger - INFO - Processador iniciado com 1 item(s).
2025-10-20 11:01:24,354 - SyncCardsLogger - INFO - Processamento concluído: 1 item(s) válidos, 0 item(s) com erros.
2025-10-20 11:01:24,355 - SyncCardsLogger - INFO - Itens processados: [{'front': 'Qual a capital da França?', 'back': 'Paris'}]
2025-10-20 11:01:24,355 - SyncCardsLogger - INFO - NoteFactory iniciado com 1 item(s) processado(s).
2025-10-20 11:01:24,355 - SyncCardsLogger - DEBUG - Nota 0 criada: Front='Qual a capital da França?', Back='Paris'
2025-10-20 11:01:24,355 - SyncCardsLogger - INFO - Total de 1 nota(s) criada(s).
2025-10-20 11:01:24,355 - SyncCardsLogger - INFO - Notas criadas: [{'deckName': 'Default', 'modelName': 'Basic', 'fields': {'Front': 'Qual a capital da França?', 'Back': 'Paris'}, 'tags': []}]
2025-10-20 11:01:24,355 - SyncCardsLogger - INFO - ModelBuilder iniciado com 1 nota(s).
2025-10-20 11:01:24,355 - SyncCardsLogger - DEBUG - Modelo 0 criado para nota: Front='Qual a capital da França?', Back='Paris'
2025-10-20 11:01:24,356 - SyncCardsLogger - INFO - Total de 1 modelo(s) criado(s).
2025-10-20 11:01:24,356 - SyncCardsLogger - INFO - Modelos criados: [{'action': 'addNote', 'version': 6, 'params': {'note': {'deckName': 'Default', 'modelName': 'Basic', 'fields': {'Front': 'Qual a capital da França?', 'Back': 'Paris'}, 'tags': []}}}]
2025-10-20 11:01:24,356 - SyncCardsLogger - INFO - AnkiService iniciado com 1 modelo(s).
2025-10-20 11:01:24,356 - SyncCardsLogger - INFO - Iniciando envio de 1 modelo(s) para o AnkiConnect.
2025-10-20 11:01:24,356 - SyncCardsLogger - DEBUG - Enviando modelo 1/1: {'action': 'addNote', 'version': 6, 'params': {'note': {'deckName': 'Default', 'modelName': 'Basic', 'fields': {'Front': 'Qual a capital da França?', 'Back': 'Paris'}, 'tags': []}}}
2025-10-20 11:01:24,356 - SyncCardsLogger - DEBUG - POST para http://127.0.0.1:5000/test com payload: {'action': 'addNote', 'version': 6, 'params': {'note': {'deckName': 'Default', 'modelName': 'Basic', 'fields': {'Front': 'Qual a capital da França?', 'Back': 'Paris'}, 'tags': []}}}
2025-10-20 11:01:24,365 - SyncCardsLogger - INFO - Resposta do AnkiConnect recebida: {'received_data': {'action': 'addNote', 'params': {'note': {'deckName': 'Default', 'fields': {'Back': 'Paris', 'Front': 'Qual a capital da França?'}, 'modelName': 'Basic', 'tags': []}}, 'version': 6}, 'received_headers': {'Accept': '*/*', 'Accept-Encoding': 'gzip, deflate', 'Connection': 'keep-alive', 'Content-Length': '186', 'Content-Type': 'application/json', 'Host': '127.0.0.1:5000', 'User-Agent': 'python-requests/2.32.5'}}
2025-10-20 11:01:24,365 - SyncCardsLogger - DEBUG - Resposta do modelo 1: {'received_data': {'action': 'addNote', 'params': {'note': {'deckName': 'Default', 'fields': {'Back': 'Paris', 'Front': 'Qual a capital da França?'}, 'modelName': 'Basic', 'tags': []}}, 'version': 6}, 'received_headers': {'Accept': '*/*', 'Accept-Encoding': 'gzip, deflate', 'Connection': 'keep-alive', 'Content-Length': '186', 'Content-Type': 'application/json', 'Host': '127.0.0.1:5000', 'User-Agent': 'python-requests/2.32.5'}}
2025-10-20 11:01:24,365 - SyncCardsLogger - INFO - Envio concluído. 1 resposta(s) recebida(s).
2025-10-20 11:01:24,365 - SyncCardsLogger - INFO - Resultados finais: [{'received_data': {'action': 'addNote', 'params': {'note': {'deckName': 'Default', 'fields': {'Back': 'Paris', 'Front': 'Qual a capital da França?'}, 'modelName': 'Basic', 'tags': []}}, 'version': 6}, 'received_headers': {'Accept': '*/*', 'Accept-Encoding': 'gzip, deflate', 'Connection': 'keep-alive', 'Content-Length': '186', 'Content-Type': 'application/json', 'Host': '127.0.0.1:5000', 'User-Agent': 'python-requests/2.32.5'}}]
2025-10-20 11:05:07,080 - SyncCardsLogger - INFO - InputHandler iniciado com filepath=input/data.json
2025-10-20 11:05:07,081 - SyncCardsLogger - INFO - Arquivo input/data.json lido com sucesso. 1 item(s) carregado(s).
2025-10-20 11:05:07,081 - SyncCardsLogger - INFO - Dados coletados: [{'front': 'Qual a capital da França?', 'back': 'Paris'}]
2025-10-20 11:05:07,081 - SyncCardsLogger - INFO - Processador iniciado com 1 item(s).
2025-10-20 11:05:07,081 - SyncCardsLogger - INFO - Processamento concluído: 1 item(s) válidos, 0 item(s) com erros.
2025-10-20 11:05:07,081 - SyncCardsLogger - INFO - Itens processados: [{'front': 'Qual a capital da França?', 'back': 'Paris'}]
2025-10-20 11:05:07,081 - SyncCardsLogger - INFO - NoteFactory iniciado com 1 item(s) processado(s).
2025-10-20 11:05:07,081 - SyncCardsLogger - DEBUG - Nota 0 criada: Front='Qual a capital da França?', Back='Paris'
2025-10-20 11:05:07,081 - SyncCardsLogger - INFO - Total de 1 nota(s) criada(s).
2025-10-20 11:05:07,081 - SyncCardsLogger - INFO - Notas criadas: [{'deckName': 'Default', 'modelName': 'Basic', 'fields': {'Front': 'Qual a capital da França?', 'Back': 'Paris'}, 'tags': []}]
2025-10-20 11:05:07,081 - SyncCardsLogger - INFO - ModelBuilder iniciado com 1 nota(s).
2025-10-20 11:05:07,081 - SyncCardsLogger - DEBUG - Modelo 0 criado para nota: Front='Qual a capital da França?', Back='Paris'
2025-10-20 11:05:07,081 - SyncCardsLogger - INFO - Total de 1 modelo(s) criado(s).
2025-10-20 11:05:07,081 - SyncCardsLogger - INFO - Modelos criados: [{'action': 'addNote', 'version': 6, 'params': {'note': {'deckName': 'Default', 'modelName': 'Basic', 'fields': {'Front': 'Qual a capital da França?', 'Back': 'Paris'}, 'tags': []}}}]
2025-10-20 11:05:07,081 - SyncCardsLogger - INFO - AnkiService iniciado com 1 modelo(s).
2025-10-20 11:05:07,081 - SyncCardsLogger - INFO - Iniciando envio de 1 modelo(s) para o AnkiConnect.
2025-10-20 11:05:07,082 - SyncCardsLogger - DEBUG - Enviando modelo 1/1: {'action': 'addNote', 'version': 6, 'params': {'note': {'deckName': 'Default', 'modelName': 'Basic', 'fields': {'Front': 'Qual a capital da França?', 'Back': 'Paris'}, 'tags': []}}}
2025-10-20 11:05:07,082 - SyncCardsLogger - DEBUG - POST para http://127.0.0.1:5000/test com payload: {'action': 'addNote', 'version': 6, 'params': {'note': {'deckName': 'Default', 'modelName': 'Basic', 'fields': {'Front': 'Qual a capital da França?', 'Back': 'Paris'}, 'tags': []}}}
2025-10-20 11:05:07,089 - SyncCardsLogger - ERROR - Erro ao enviar modelo para AnkiConnect: Expecting value: line 1 column 1 (char 0)
2025-10-20 11:05:07,089 - SyncCardsLogger - DEBUG - Resposta do modelo 1: {'error': 'Expecting value: line 1 column 1 (char 0)'}
2025-10-20 11:05:07,089 - SyncCardsLogger - INFO - Envio concluído. 1 resposta(s) recebida(s).
2025-10-20 11:05:07,089 - SyncCardsLogger - INFO - Resultados finais: [{'error': 'Expecting value: line 1 column 1 (char 0)'}]
2025-10-20 11:05:16,524 - SyncCardsLogger - INFO - InputHandler iniciado com filepath=input/data.json
2025-10-20 11:05:16,525 - SyncCardsLogger - INFO - Arquivo input/data.json lido com sucesso. 1 item(s) carregado(s).
2025-10-20 11:05:16,525 - SyncCardsLogger - INFO - Dados coletados: [{'front': 'Qual a capital da França?', 'back': 'Paris'}]
2025-10-20 11:05:16,525 - SyncCardsLogger - INFO - Processador iniciado com 1 item(s).
2025-10-20 11:05:16,525 - SyncCardsLogger - INFO - Processamento concluído: 1 item(s) válidos, 0 item(s) com erros.
2025-10-20 11:05:16,525 - SyncCardsLogger - INFO - Itens processados: [{'front': 'Qual a capital da França?', 'back': 'Paris'}]
2025-10-20 11:05:16,525 - SyncCardsLogger - INFO - NoteFactory iniciado com 1 item(s) processado(s).
2025-10-20 11:05:16,525 - SyncCardsLogger - DEBUG - Nota 0 criada: Front='Qual a capital da França?', Back='Paris'
2025-10-20 11:05:16,525 - SyncCardsLogger - INFO - Total de 1 nota(s) criada(s).
2025-10-20 11:05:16,525 - SyncCardsLogger - INFO - Notas criadas: [{'deckName': 'Default', 'modelName': 'Basic', 'fields': {'Front': 'Qual a capital da França?', 'Back': 'Paris'}, 'tags': []}]
2025-10-20 11:05:16,525 - SyncCardsLogger - INFO - ModelBuilder iniciado com 1 nota(s).
2025-10-20 11:05:16,525 - SyncCardsLogger - DEBUG - Modelo 0 criado para nota: Front='Qual a capital da França?', Back='Paris'
2025-10-20 11:05:16,525 - SyncCardsLogger - INFO - Total de 1 modelo(s) criado(s).
2025-10-20 11:05:16,525 - SyncCardsLogger - INFO - Modelos criados: [{'action': 'addNote', 'version': 6, 'params': {'note': {'deckName': 'Default', 'modelName': 'Basic', 'fields': {'Front': 'Qual a capital da França?', 'Back': 'Paris'}, 'tags': []}}}]
2025-10-20 11:05:16,525 - SyncCardsLogger - INFO - AnkiService iniciado com 1 modelo(s).
2025-10-20 11:05:16,526 - SyncCardsLogger - INFO - Iniciando envio de 1 modelo(s) para o AnkiConnect.
2025-10-20 11:05:16,526 - SyncCardsLogger - DEBUG - Enviando modelo 1/1: {'action': 'addNote', 'version': 6, 'params': {'note': {'deckName': 'Default', 'modelName': 'Basic', 'fields': {'Front': 'Qual a capital da França?', 'Back': 'Paris'}, 'tags': []}}}
2025-10-20 11:05:16,526 - SyncCardsLogger - DEBUG - POST para http://127.0.0.1:5000/test com payload: {'action': 'addNote', 'version': 6, 'params': {'note': {'deckName': 'Default', 'modelName': 'Basic', 'fields': {'Front': 'Qual a capital da França?', 'Back': 'Paris'}, 'tags': []}}}
2025-10-20 11:05:16,532 - SyncCardsLogger - ERROR - Erro ao enviar modelo para AnkiConnect: Expecting value: line 1 column 1 (char 0)
2025-10-20 11:05:16,532 - SyncCardsLogger - DEBUG - Resposta do modelo 1: {'error': 'Expecting value: line 1 column 1 (char 0)'}
2025-10-20 11:05:16,532 - SyncCardsLogger - INFO - Envio concluído. 1 resposta(s) recebida(s).
2025-10-20 11:05:16,532 - SyncCardsLogger - INFO - Resultados finais: [{'error': 'Expecting value: line 1 column 1 (char 0)'}]
2025-10-27 09:04:18,263 - SyncCardsLogger - INFO - InputHandler iniciado com filepath=input/data.json
2025-10-27 09:04:18,264 - SyncCardsLogger - INFO - Arquivo input/data.json lido com sucesso. 1 item(s) carregado(s).
2025-10-27 09:04:18,264 - SyncCardsLogger - INFO - Dados coletados: [{'front': 'Qual a capital da França?', 'back': 'Paris'}]
2025-10-27 09:04:18,265 - SyncCardsLogger - INFO - Processador iniciado com 1 item(s).
2025-10-27 09:04:18,265 - SyncCardsLogger - INFO - Processamento concluído: 1 item(s) válidos, 0 item(s) com erros.
2025-10-27 09:04:18,265 - SyncCardsLogger - INFO - Itens processados: [{'front': 'Qual a capital da França?', 'back': 'Paris'}]
2025-10-27 09:04:18,265 - SyncCardsLogger - INFO - NoteFactory iniciado com 1 item(s) processado(s).
2025-10-27 09:04:18,265 - SyncCardsLogger - DEBUG - Nota 0 criada: Front='Qual a capital da França?', Back='Paris'
2025-10-27 09:04:18,265 - SyncCardsLogger - INFO - Total de 1 nota(s) criada(s).
2025-10-27 09:04:18,265 - SyncCardsLogger - INFO - Notas criadas: [{'deckName': 'Default', 'modelName': 'Basic', 'fields': {'Front': 'Qual a capital da França?', 'Back': 'Paris'}, 'tags': []}]
2025-10-27 09:04:18,265 - SyncCardsLogger - INFO - ModelBuilder iniciado com 1 nota(s).
2025-10-27 09:04:18,266 - SyncCardsLogger - DEBUG - Modelo 0 criado para nota: Front='Qual a capital da França?', Back='Paris'
2025-10-27 09:04:18,266 - SyncCardsLogger - INFO - Total de 1 modelo(s) criado(s).
2025-10-27 09:04:18,266 - SyncCardsLogger - INFO - Modelos criados: [{'action': 'addNote', 'version': 6, 'params': {'note': {'deckName': 'Default', 'modelName': 'Basic', 'fields': {'Front': 'Qual a capital da França?', 'Back': 'Paris'}, 'tags': []}}}]
2025-10-27 09:04:18,266 - SyncCardsLogger - INFO - AnkiService iniciado com 1 modelo(s).
2025-10-27 09:04:18,266 - SyncCardsLogger - INFO - Iniciando envio de 1 modelo(s) para o AnkiConnect.
2025-10-27 09:04:18,266 - SyncCardsLogger - DEBUG - Enviando modelo 1/1: {'action': 'addNote', 'version': 6, 'params': {'note': {'deckName': 'Default', 'modelName': 'Basic', 'fields': {'Front': 'Qual a capital da França?', 'Back': 'Paris'}, 'tags': []}}}
2025-10-27 09:04:18,266 - SyncCardsLogger - DEBUG - POST para http://127.0.0.1:5000/test/data com payload: {'action': 'addNote', 'version': 6, 'params': {'note': {'deckName': 'Default', 'modelName': 'Basic', 'fields': {'Front': 'Qual a capital da França?', 'Back': 'Paris'}, 'tags': []}}}
2025-10-27 09:04:18,289 - SyncCardsLogger - INFO - Resposta do AnkiConnect recebida: {'data_received': {'action': 'addNote', 'params': {'note': {'deckName': 'Default', 'fields': {'Back': 'Paris', 'Front': 'Qual a capital da França?'}, 'modelName': 'Basic', 'tags': []}}, 'version': 6}, 'message': 'POST recebido'}
2025-10-27 09:04:18,289 - SyncCardsLogger - DEBUG - Resposta do modelo 1: {'data_received': {'action': 'addNote', 'params': {'note': {'deckName': 'Default', 'fields': {'Back': 'Paris', 'Front': 'Qual a capital da França?'}, 'modelName': 'Basic', 'tags': []}}, 'version': 6}, 'message': 'POST recebido'}
2025-10-27 09:04:18,289 - SyncCardsLogger - INFO - Envio concluído. 1 resposta(s) recebida(s).
2025-10-27 09:04:18,289 - SyncCardsLogger - INFO - Resultados finais: [{'data_received': {'action': 'addNote', 'params': {'note': {'deckName': 'Default', 'fields': {'Back': 'Paris', 'Front': 'Qual a capital da França?'}, 'modelName': 'Basic', 'tags': []}}, 'version': 6}, 'message': 'POST recebido'}]
2025-10-27 09:05:09,128 - SyncCardsLogger - INFO - InputHandler iniciado com filepath=input/data.json
2025-10-27 09:05:09,128 - SyncCardsLogger - INFO - Arquivo input/data.json lido com sucesso. 1 item(s) carregado(s).
2025-10-27 09:05:09,128 - SyncCardsLogger - INFO - Dados coletados: [{'front': 'Qual a capital da França?', 'back': 'Paris'}]
2025-10-27 09:05:09,128 - SyncCardsLogger - INFO - Processador iniciado com 1 item(s).
2025-10-27 09:05:09,128 - SyncCardsLogger - INFO - Processamento concluído: 1 item(s) válidos, 0 item(s) com erros.
2025-10-27 09:05:09,128 - SyncCardsLogger - INFO - Itens processados: [{'front': 'Qual a capital da França?', 'back': 'Paris'}]
2025-10-27 09:05:09,128 - SyncCardsLogger - INFO - NoteFactory iniciado com 1 item(s) processado(s).
2025-10-27 09:05:09,128 - SyncCardsLogger - DEBUG - Nota 0 criada: Front='Qual a capital da França?', Back='Paris'
2025-10-27 09:05:09,128 - SyncCardsLogger - INFO - Total de 1 nota(s) criada(s).
2025-10-27 09:05:09,128 - SyncCardsLogger - INFO - Notas criadas: [{'deckName': 'Default', 'modelName': 'Basic', 'fields': {'Front': 'Qual a capital da França?', 'Back': 'Paris'}, 'tags': []}]
2025-10-27 09:05:09,129 - SyncCardsLogger - INFO - ModelBuilder iniciado com 1 nota(s).
2025-10-27 09:05:09,129 - SyncCardsLogger - DEBUG - Modelo 0 criado para nota: Front='Qual a capital da França?', Back='Paris'
2025-10-27 09:05:09,129 - SyncCardsLogger - INFO - Total de 1 modelo(s) criado(s).
2025-10-27 09:05:09,129 - SyncCardsLogger - INFO - Modelos criados: [{'action': 'addNote', 'version': 6, 'params': {'note': {'deckName': 'Default', 'modelName': 'Basic', 'fields': {'Front': 'Qual a capital da França?', 'Back': 'Paris'}, 'tags': []}}}]
2025-10-27 09:05:09,129 - SyncCardsLogger - INFO - AnkiService iniciado com 1 modelo(s).
2025-10-27 09:05:09,129 - SyncCardsLogger - INFO - Iniciando envio de 1 modelo(s) para o AnkiConnect.
2025-10-27 09:05:09,129 - SyncCardsLogger - DEBUG - Enviando modelo 1/1: {'action': 'addNote', 'version': 6, 'params': {'note': {'deckName': 'Default', 'modelName': 'Basic', 'fields': {'Front': 'Qual a capital da França?', 'Back': 'Paris'}, 'tags': []}}}
2025-10-27 09:05:09,129 - SyncCardsLogger - DEBUG - POST para http://127.0.0.1:5000/test/data com payload: {'action': 'addNote', 'version': 6, 'params': {'note': {'deckName': 'Default', 'modelName': 'Basic', 'fields': {'Front': 'Qual a capital da França?', 'Back': 'Paris'}, 'tags': []}}}
2025-10-27 09:05:09,138 - SyncCardsLogger - INFO - Resposta do AnkiConnect recebida: {'data_received': {'action': 'addNote', 'params': {'note': {'deckName': 'Default', 'fields': {'Back': 'Paris', 'Front': 'Qual a capital da França?'}, 'modelName': 'Basic', 'tags': []}}, 'version': 6}, 'message': 'POST recebido'}
2025-10-27 09:05:09,139 - SyncCardsLogger - DEBUG - Resposta do modelo 1: {'data_received': {'action': 'addNote', 'params': {'note': {'deckName': 'Default', 'fields': {'Back': 'Paris', 'Front': 'Qual a capital da França?'}, 'modelName': 'Basic', 'tags': []}}, 'version': 6}, 'message': 'POST recebido'}
2025-10-27 09:05:09,139 - SyncCardsLogger - INFO - Envio concluído. 1 resposta(s) recebida(s).
2025-10-27 09:05:09,139 - SyncCardsLogger - INFO - Resultados finais: [{'data_received': {'action': 'addNote', 'params': {'note': {'deckName': 'Default', 'fields': {'Back': 'Paris', 'Front': 'Qual a capital da França?'}, 'modelName': 'Basic', 'tags': []}}, 'version': 6}, 'message': 'POST recebido'}]
2025-10-27 09:05:16,135 - SyncCardsLogger - INFO - InputHandler iniciado com filepath=input/data.json
2025-10-27 09:05:16,136 - SyncCardsLogger - INFO - Arquivo input/data.json lido com sucesso. 1 item(s) carregado(s).
2025-10-27 09:05:16,136 - SyncCardsLogger - INFO - Dados coletados: [{'front': 'Qual a capital da França?', 'back': 'Paris'}]
2025-10-27 09:05:16,137 - SyncCardsLogger - INFO - Processador iniciado com 1 item(s).
2025-10-27 09:05:16,137 - SyncCardsLogger - INFO - Processamento concluído: 1 item(s) válidos, 0 item(s) com erros.
2025-10-27 09:05:16,137 - SyncCardsLogger - INFO - Itens processados: [{'front': 'Qual a capital da França?', 'back': 'Paris'}]
2025-10-27 09:05:16,137 - SyncCardsLogger - INFO - NoteFactory iniciado com 1 item(s) processado(s).
2025-10-27 09:05:16,137 - SyncCardsLogger - DEBUG - Nota 0 criada: Front='Qual a capital da França?', Back='Paris'
2025-10-27 09:05:16,137 - SyncCardsLogger - INFO - Total de 1 nota(s) criada(s).
2025-10-27 09:05:16,137 - SyncCardsLogger - INFO - Notas criadas: [{'deckName': 'Default', 'modelName': 'Basic', 'fields': {'Front': 'Qual a capital da França?', 'Back': 'Paris'}, 'tags': []}]
2025-10-27 09:05:16,137 - SyncCardsLogger - INFO - ModelBuilder iniciado com 1 nota(s).
2025-10-27 09:05:16,137 - SyncCardsLogger - DEBUG - Modelo 0 criado para nota: Front='Qual a capital da França?', Back='Paris'
2025-10-27 09:05:16,138 - SyncCardsLogger - INFO - Total de 1 modelo(s) criado(s).
2025-10-27 09:05:16,138 - SyncCardsLogger - INFO - Modelos criados: [{'action': 'addNote', 'version': 6, 'params': {'note': {'deckName': 'Default', 'modelName': 'Basic', 'fields': {'Front': 'Qual a capital da França?', 'Back': 'Paris'}, 'tags': []}}}]
2025-10-27 09:05:16,138 - SyncCardsLogger - INFO - AnkiService iniciado com 1 modelo(s).
2025-10-27 09:05:16,138 - SyncCardsLogger - INFO - Iniciando envio de 1 modelo(s) para o AnkiConnect.
2025-10-27 09:05:16,138 - SyncCardsLogger - DEBUG - Enviando modelo 1/1: {'action': 'addNote', 'version': 6, 'params': {'note': {'deckName': 'Default', 'modelName': 'Basic', 'fields': {'Front': 'Qual a capital da França?', 'Back': 'Paris'}, 'tags': []}}}
2025-10-27 09:05:16,138 - SyncCardsLogger - DEBUG - POST para http://127.0.0.1:5000/test/data com payload: {'action': 'addNote', 'version': 6, 'params': {'note': {'deckName': 'Default', 'modelName': 'Basic', 'fields': {'Front': 'Qual a capital da França?', 'Back': 'Paris'}, 'tags': []}}}
2025-10-27 09:05:16,146 - SyncCardsLogger - INFO - Resposta do AnkiConnect recebida: {'data_received': {'action': 'addNote', 'params': {'note': {'deckName': 'Default', 'fields': {'Back': 'Paris', 'Front': 'Qual a capital da França?'}, 'modelName': 'Basic', 'tags': []}}, 'version': 6}, 'message': 'POST recebido'}
2025-10-27 09:05:16,146 - SyncCardsLogger - DEBUG - Resposta do modelo 1: {'data_received': {'action': 'addNote', 'params': {'note': {'deckName': 'Default', 'fields': {'Back': 'Paris', 'Front': 'Qual a capital da França?'}, 'modelName': 'Basic', 'tags': []}}, 'version': 6}, 'message': 'POST recebido'}
2025-10-27 09:05:16,146 - SyncCardsLogger - INFO - Envio concluído. 1 resposta(s) recebida(s).
2025-10-27 09:05:16,147 - SyncCardsLogger - INFO - Resultados finais: [{'data_received': {'action': 'addNote', 'params': {'note': {'deckName': 'Default', 'fields': {'Back': 'Paris', 'Front': 'Qual a capital da França?'}, 'modelName': 'Basic', 'tags': []}}, 'version': 6}, 'message': 'POST recebido'}]
2025-10-27 09:10:11,084 - SyncCardsLogger - INFO - InputHandler iniciado com filepath=input/data.json
2025-10-27 09:10:11,086 - SyncCardsLogger - INFO - Arquivo input/data.json lido com sucesso. 1 item(s) carregado(s).
2025-10-27 09:10:11,087 - SyncCardsLogger - INFO - Dados coletados: [{'front': 'Qual a capital da França?', 'back': 'Paris'}]
2025-10-27 09:10:11,087 - SyncCardsLogger - INFO - Processador iniciado com 1 item(s).
2025-10-27 09:10:11,087 - SyncCardsLogger - INFO - Processamento concluído: 1 item(s) válidos, 0 item(s) com erros.
2025-10-27 09:10:11,087 - SyncCardsLogger - INFO - Itens processados: [{'front': 'Qual a capital da França?', 'back': 'Paris'}]
2025-10-27 09:10:11,087 - SyncCardsLogger - INFO - NoteFactory iniciado com 1 item(s) processado(s).
2025-10-27 09:10:11,087 - SyncCardsLogger - DEBUG - Nota 0 criada: Front='Qual a capital da França?', Back='Paris'
2025-10-27 09:10:11,087 - SyncCardsLogger - INFO - Total de 1 nota(s) criada(s).
2025-10-27 09:10:11,087 - SyncCardsLogger - INFO - Notas criadas: [{'deckName': 'Default', 'modelName': 'Basic', 'fields': {'Front': 'Qual a capital da França?', 'Back': 'Paris'}, 'tags': []}]
2025-10-27 09:10:11,087 - SyncCardsLogger - INFO - ModelBuilder iniciado com 1 nota(s).
2025-10-27 09:10:11,087 - SyncCardsLogger - DEBUG - Modelo 0 criado para nota: Front='Qual a capital da França?', Back='Paris'
2025-10-27 09:10:11,087 - SyncCardsLogger - INFO - Total de 1 modelo(s) criado(s).
2025-10-27 09:10:11,087 - SyncCardsLogger - INFO - Modelos criados: [{'action': 'addNote', 'version': 6, 'params': {'note': {'deckName': 'Default', 'modelName': 'Basic', 'fields': {'Front': 'Qual a capital da França?', 'Back': 'Paris'}, 'tags': []}}}]
2025-10-27 09:10:11,087 - SyncCardsLogger - INFO - AnkiService iniciado com 1 modelo(s).
2025-10-27 09:10:11,088 - SyncCardsLogger - INFO - Iniciando envio de 1 modelo(s) para o AnkiConnect.
2025-10-27 09:10:11,088 - SyncCardsLogger - DEBUG - Enviando modelo 1/1: {'action': 'addNote', 'version': 6, 'params': {'note': {'deckName': 'Default', 'modelName': 'Basic', 'fields': {'Front': 'Qual a capital da França?', 'Back': 'Paris'}, 'tags': []}}}
2025-10-27 09:10:11,088 - SyncCardsLogger - DEBUG - POST para http://127.0.0.1:5000/test/data com payload: {'action': 'addNote', 'version': 6, 'params': {'note': {'deckName': 'Default', 'modelName': 'Basic', 'fields': {'Front': 'Qual a capital da França?', 'Back': 'Paris'}, 'tags': []}}}
2025-10-27 09:10:11,098 - SyncCardsLogger - INFO - Resposta do AnkiConnect recebida: {'data_received': {'action': 'addNote', 'params': {'note': {'deckName': 'Default', 'fields': {'Back': 'Paris', 'Front': 'Qual a capital da França?'}, 'modelName': 'Basic', 'tags': []}}, 'version': 6}, 'message': 'Requisição POST processada com sucesso.', 'status': 'created'}
2025-10-27 09:10:11,099 - SyncCardsLogger - DEBUG - Resposta do modelo 1: {'data_received': {'action': 'addNote', 'params': {'note': {'deckName': 'Default', 'fields': {'Back': 'Paris', 'Front': 'Qual a capital da França?'}, 'modelName': 'Basic', 'tags': []}}, 'version': 6}, 'message': 'Requisição POST processada com sucesso.', 'status': 'created'}
2025-10-27 09:10:11,099 - SyncCardsLogger - INFO - Envio concluído. 1 resposta(s) recebida(s).
2025-10-27 09:10:11,099 - SyncCardsLogger - INFO - Resultados finais: [{'data_received': {'action': 'addNote', 'params': {'note': {'deckName': 'Default', 'fields': {'Back': 'Paris', 'Front': 'Qual a capital da França?'}, 'modelName': 'Basic', 'tags': []}}, 'version': 6}, 'message': 'Requisição POST processada com sucesso.', 'status': 'created'}]
2025-10-27 09:13:20,345 - SyncCardsLogger - INFO - InputHandler iniciado com filepath=input/data.json
2025-10-27 09:13:20,345 - SyncCardsLogger - INFO - Arquivo input/data.json lido com sucesso. 1 item(s) carregado(s).
2025-10-27 09:13:20,345 - SyncCardsLogger - INFO - Dados coletados: [{'front': 'Qual a capital da França?', 'back': 'Paris'}]
2025-10-27 09:13:20,345 - SyncCardsLogger - INFO - Processador iniciado com 1 item(s).
2025-10-27 09:13:20,345 - SyncCardsLogger - INFO - Processamento concluído: 1 item(s) válidos, 0 item(s) com erros.
2025-10-27 09:13:20,346 - SyncCardsLogger - INFO - Itens processados: [{'front': 'Qual a capital da França?', 'back': 'Paris'}]
2025-10-27 09:13:20,346 - SyncCardsLogger - INFO - NoteFactory iniciado com 1 item(s) processado(s).
2025-10-27 09:13:20,346 - SyncCardsLogger - DEBUG - Nota 0 criada: Front='Qual a capital da França?', Back='Paris'
2025-10-27 09:13:20,346 - SyncCardsLogger - INFO - Total de 1 nota(s) criada(s).
2025-10-27 09:13:20,346 - SyncCardsLogger - INFO - Notas criadas: [{'deckName': 'Default', 'modelName': 'Basic', 'fields': {'Front': 'Qual a capital da França?', 'Back': 'Paris'}, 'tags': []}]
2025-10-27 09:13:20,346 - SyncCardsLogger - INFO - ModelBuilder iniciado com 1 nota(s).
2025-10-27 09:13:20,346 - SyncCardsLogger - DEBUG - Modelo 0 criado para nota: Front='Qual a capital da França?', Back='Paris'
2025-10-27 09:13:20,346 - SyncCardsLogger - INFO - Total de 1 modelo(s) criado(s).
2025-10-27 09:13:20,346 - SyncCardsLogger - INFO - Modelos criados: [{'action': 'addNote', 'version': 6, 'params': {'note': {'deckName': 'Default', 'modelName': 'Basic', 'fields': {'Front': 'Qual a capital da França?', 'Back': 'Paris'}, 'tags': []}}}]
2025-10-27 09:13:20,346 - SyncCardsLogger - INFO - AnkiService iniciado com 1 modelo(s).
2025-10-27 09:13:20,346 - SyncCardsLogger - INFO - Iniciando envio de 1 modelo(s) para o AnkiConnect.
2025-10-27 09:13:20,346 - SyncCardsLogger - DEBUG - Enviando modelo 1/1: {'action': 'addNote', 'version': 6, 'params': {'note': {'deckName': 'Default', 'modelName': 'Basic', 'fields': {'Front': 'Qual a capital da França?', 'Back': 'Paris'}, 'tags': []}}}
2025-10-27 09:13:20,346 - SyncCardsLogger - DEBUG - POST para http://127.0.0.1:5000/test/data com payload: {'action': 'addNote', 'version': 6, 'params': {'note': {'deckName': 'Default', 'modelName': 'Basic', 'fields': {'Front': 'Qual a capital da França?', 'Back': 'Paris'}, 'tags': []}}}
2025-10-27 09:13:20,352 - SyncCardsLogger - INFO - Resposta do AnkiConnect recebida: {'data_received': {'action': 'addNote', 'params': {'note': {'deckName': 'Default', 'fields': {'Back': 'Paris', 'Front': 'Qual a capital da França?'}, 'modelName': 'Basic', 'tags': []}}, 'version': 6}, 'message': 'Requisição POST processada com sucesso.', 'status': 'created'}
2025-10-27 09:13:20,353 - SyncCardsLogger - DEBUG - Resposta do modelo 1: {'data_received': {'action': 'addNote', 'params': {'note': {'deckName': 'Default', 'fields': {'Back': 'Paris', 'Front': 'Qual a capital da França?'}, 'modelName': 'Basic', 'tags': []}}, 'version': 6}, 'message': 'Requisição POST processada com sucesso.', 'status': 'created'}
2025-10-27 09:13:20,353 - SyncCardsLogger - INFO - Envio concluído. 1 resposta(s) recebida(s).
2025-10-27 09:13:20,353 - SyncCardsLogger - INFO - Resultados finais: [{'data_received': {'action': 'addNote', 'params': {'note': {'deckName': 'Default', 'fields': {'Back': 'Paris', 'Front': 'Qual a capital da França?'}, 'modelName': 'Basic', 'tags': []}}, 'version': 6}, 'message': 'Requisição POST processada com sucesso.', 'status': 'created'}]
2025-10-27 09:17:10,261 - SyncCardsLogger - INFO - InputHandler iniciado com filepath=input/data.json
2025-10-27 09:17:10,262 - SyncCardsLogger - INFO - Arquivo input/data.json lido com sucesso. 1 item(s) carregado(s).
2025-10-27 09:17:10,262 - SyncCardsLogger - INFO - Dados coletados: [{'front': 'Qual a capital da França?', 'back': 'Paris'}]
2025-10-27 09:17:10,262 - SyncCardsLogger - INFO - Processador iniciado com 1 item(s).
2025-10-27 09:17:10,262 - SyncCardsLogger - INFO - Processamento concluído: 1 item(s) válidos, 0 item(s) com erros.
2025-10-27 09:17:10,262 - SyncCardsLogger - INFO - Itens processados: [{'front': 'Qual a capital da França?', 'back': 'Paris'}]
2025-10-27 09:17:10,262 - SyncCardsLogger - INFO - NoteFactory iniciado com 1 item(s) processado(s).
2025-10-27 09:17:10,262 - SyncCardsLogger - DEBUG - Nota 0 criada: Front='Qual a capital da França?', Back='Paris'
2025-10-27 09:17:10,262 - SyncCardsLogger - INFO - Total de 1 nota(s) criada(s).
2025-10-27 09:17:10,262 - SyncCardsLogger - INFO - Notas criadas: [{'deckName': 'Default', 'modelName': 'Basic', 'fields': {'Front': 'Qual a capital da França?', 'Back': 'Paris'}, 'tags': []}]
2025-10-27 09:17:10,262 - SyncCardsLogger - INFO - ModelBuilder iniciado com 1 nota(s).
2025-10-27 09:17:10,262 - SyncCardsLogger - DEBUG - Modelo 0 criado para nota: Front='Qual a capital da França?', Back='Paris'
2025-10-27 09:17:10,262 - SyncCardsLogger - INFO - Total de 1 modelo(s) criado(s).
2025-10-27 09:17:10,263 - SyncCardsLogger - INFO - Modelos criados: [{'action': 'addNote', 'version': 6, 'params': {'note': {'deckName': 'Default', 'modelName': 'Basic', 'fields': {'Front': 'Qual a capital da França?', 'Back': 'Paris'}, 'tags': []}}}]
2025-10-27 09:17:10,263 - SyncCardsLogger - INFO - AnkiService iniciado com 1 modelo(s).
2025-10-27 09:17:10,263 - SyncCardsLogger - INFO - Iniciando envio de 1 modelo(s) para o AnkiConnect.
2025-10-27 09:17:10,263 - SyncCardsLogger - DEBUG - Enviando modelo 1/1: {'action': 'addNote', 'version': 6, 'params': {'note': {'deckName': 'Default', 'modelName': 'Basic', 'fields': {'Front': 'Qual a capital da França?', 'Back': 'Paris'}, 'tags': []}}}
2025-10-27 09:17:10,263 - SyncCardsLogger - DEBUG - POST para http://127.0.0.1:5000/test/data com payload: {'action': 'addNote', 'version': 6, 'params': {'note': {'deckName': 'Default', 'modelName': 'Basic', 'fields': {'Front': 'Qual a capital da França?', 'Back': 'Paris'}, 'tags': []}}}
2025-10-27 09:17:10,270 - SyncCardsLogger - INFO - Resposta do AnkiConnect recebida: {'data_received': {'action': 'addNote', 'params': {'note': {'deckName': 'Default', 'fields': {'Back': 'Paris', 'Front': 'Qual a capital da França?'}, 'modelName': 'Basic', 'tags': []}}, 'version': 6}, 'message': 'Requisição POST processada com sucesso.', 'status': 'created'}
2025-10-27 09:17:10,271 - SyncCardsLogger - DEBUG - Resposta do modelo 1: {'data_received': {'action': 'addNote', 'params': {'note': {'deckName': 'Default', 'fields': {'Back': 'Paris', 'Front': 'Qual a capital da França?'}, 'modelName': 'Basic', 'tags': []}}, 'version': 6}, 'message': 'Requisição POST processada com sucesso.', 'status': 'created'}
2025-10-27 09:17:10,271 - SyncCardsLogger - INFO - Envio concluído. 1 resposta(s) recebida(s).
2025-10-27 09:17:10,271 - SyncCardsLogger - INFO - Resultados finais: [{'data_received': {'action': 'addNote', 'params': {'note': {'deckName': 'Default', 'fields': {'Back': 'Paris', 'Front': 'Qual a capital da França?'}, 'modelName': 'Basic', 'tags': []}}, 'version': 6}, 'message': 'Requisição POST processada com sucesso.', 'status': 'created'}]
2025-10-27 09:22:02,298 - SyncCardsLogger - INFO - InputHandler iniciado com filepath=input/data.json
2025-10-27 09:22:02,298 - SyncCardsLogger - INFO - Arquivo input/data.json lido com sucesso. 1 item(s) carregado(s).
2025-10-27 09:22:02,298 - SyncCardsLogger - INFO - Dados coletados: [{'front': 'Qual a capital da França?', 'back': 'Paris'}]
2025-10-27 09:22:02,298 - SyncCardsLogger - INFO - Processador iniciado com 1 item(s).
2025-10-27 09:22:02,299 - SyncCardsLogger - INFO - Processamento concluído: 1 item(s) válidos, 0 item(s) com erros.
2025-10-27 09:22:02,299 - SyncCardsLogger - INFO - Itens processados: [{'front': 'Qual a capital da França?', 'back': 'Paris'}]
2025-10-27 09:22:02,299 - SyncCardsLogger - INFO - NoteFactory iniciado com 1 item(s) processado(s).
2025-10-27 09:22:02,299 - SyncCardsLogger - DEBUG - Nota 0 criada: Front='Qual a capital da França?', Back='Paris'
2025-10-27 09:22:02,299 - SyncCardsLogger - INFO - Total de 1 nota(s) criada(s).
2025-10-27 09:22:02,299 - SyncCardsLogger - INFO - Notas criadas: [{'deckName': 'Default', 'modelName': 'Basic', 'fields': {'Front': 'Qual a capital da França?', 'Back': 'Paris'}, 'tags': []}]
2025-10-27 09:22:02,299 - SyncCardsLogger - INFO - ModelBuilder iniciado com 1 nota(s).
2025-10-27 09:22:02,299 - SyncCardsLogger - DEBUG - Modelo 0 criado para nota: Front='Qual a capital da França?', Back='Paris'
2025-10-27 09:22:02,299 - SyncCardsLogger - INFO - Total de 1 modelo(s) criado(s).
2025-10-27 09:22:02,299 - SyncCardsLogger - INFO - Modelos criados: [{'action': 'addNote', 'version': 6, 'params': {'note': {'deckName': 'Default', 'modelName': 'Basic', 'fields': {'Front': 'Qual a capital da França?', 'Back': 'Paris'}, 'tags': []}}}]
2025-10-27 09:22:02,299 - SyncCardsLogger - INFO - AnkiService iniciado com 1 modelo(s).
2025-10-27 09:22:02,299 - SyncCardsLogger - INFO - Iniciando envio de 1 modelo(s) para o AnkiConnect.
2025-10-27 09:22:02,299 - SyncCardsLogger - DEBUG - Enviando modelo 1/1: {'action': 'addNote', 'version': 6, 'params': {'note': {'deckName': 'Default', 'modelName': 'Basic', 'fields': {'Front': 'Qual a capital da França?', 'Back': 'Paris'}, 'tags': []}}}
2025-10-27 09:22:02,299 - SyncCardsLogger - DEBUG - POST para http://127.0.0.1:5000/test/data com payload: {'action': 'addNote', 'version': 6, 'params': {'note': {'deckName': 'Default', 'modelName': 'Basic', 'fields': {'Front': 'Qual a capital da França?', 'Back': 'Paris'}, 'tags': []}}}
2025-10-27 09:22:02,306 - SyncCardsLogger - INFO - Resposta do AnkiConnect recebida: {'data_received': {'action': 'addNote', 'params': {'note': {'deckName': 'Default', 'fields': {'Back': 'Paris', 'Front': 'Qual a capital da França?'}, 'modelName': 'Basic', 'tags': []}}, 'version': 6}, 'message': 'Requisição POST processada com sucesso.', 'status': 'created'}
2025-10-27 09:22:02,306 - SyncCardsLogger - DEBUG - Resposta do modelo 1: {'data_received': {'action': 'addNote', 'params': {'note': {'deckName': 'Default', 'fields': {'Back': 'Paris', 'Front': 'Qual a capital da França?'}, 'modelName': 'Basic', 'tags': []}}, 'version': 6}, 'message': 'Requisição POST processada com sucesso.', 'status': 'created'}
2025-10-27 09:22:02,306 - SyncCardsLogger - INFO - Envio concluído. 1 resposta(s) recebida(s).
2025-10-27 09:22:02,306 - SyncCardsLogger - INFO - Resultados finais: [{'data_received': {'action': 'addNote', 'params': {'note': {'deckName': 'Default', 'fields': {'Back': 'Paris', 'Front': 'Qual a capital da França?'}, 'modelName': 'Basic', 'tags': []}}, 'version': 6}, 'message': 'Requisição POST processada com sucesso.', 'status': 'created'}]
2025-10-27 09:39:25,352 - SyncCardsLogger - INFO - InputHandler iniciado com filepath=input/data.json
2025-10-27 09:39:25,352 - SyncCardsLogger - INFO - Arquivo input/data.json lido com sucesso. 1 item(s) carregado(s).
2025-10-27 09:39:25,353 - SyncCardsLogger - INFO - Dados coletados: [{'front': 'Qual a capital da França?', 'back': 'Paris'}]
2025-10-27 09:39:25,353 - SyncCardsLogger - INFO - Processador iniciado com 1 item(s).
2025-10-27 09:39:25,353 - SyncCardsLogger - INFO - Processamento concluído: 1 item(s) válidos, 0 item(s) com erros.
2025-10-27 09:39:25,353 - SyncCardsLogger - INFO - Itens processados: [{'front': 'Qual a capital da França?', 'back': 'Paris'}]
2025-10-27 09:39:25,353 - SyncCardsLogger - INFO - NoteFactory iniciado com 1 item(s) processado(s).
2025-10-27 09:39:25,353 - SyncCardsLogger - DEBUG - Nota 0 criada: Front='Qual a capital da França?', Back='Paris'
2025-10-27 09:39:25,353 - SyncCardsLogger - INFO - Total de 1 nota(s) criada(s).
2025-10-27 09:39:25,353 - SyncCardsLogger - INFO - Notas criadas: [{'deckName': 'Default', 'modelName': 'Basic', 'fields': {'Front': 'Qual a capital da França?', 'Back': 'Paris'}, 'tags': []}]
2025-10-27 09:39:25,353 - SyncCardsLogger - INFO - ModelBuilder iniciado com 1 nota(s).
2025-10-27 09:39:25,353 - SyncCardsLogger - DEBUG - Modelo 0 criado para nota: Front='Qual a capital da França?', Back='Paris'
2025-10-27 09:39:25,353 - SyncCardsLogger - INFO - Total de 1 modelo(s) criado(s).
2025-10-27 09:39:25,353 - SyncCardsLogger - INFO - Modelos criados: [{'action': 'addNote', 'version': 6, 'params': {'note': {'deckName': 'Default', 'modelName': 'Basic', 'fields': {'Front': 'Qual a capital da França?', 'Back': 'Paris'}, 'tags': []}}}]
2025-10-27 09:39:25,353 - SyncCardsLogger - INFO - AnkiService iniciado com 1 modelo(s).
2025-10-27 09:39:25,353 - SyncCardsLogger - INFO - Iniciando envio de 1 modelo(s) para o AnkiConnect.
2025-10-27 09:39:25,353 - SyncCardsLogger - DEBUG - Enviando modelo 1/1: {'action': 'addNote', 'version': 6, 'params': {'note': {'deckName': 'Default', 'modelName': 'Basic', 'fields': {'Front': 'Qual a capital da França?', 'Back': 'Paris'}, 'tags': []}}}
2025-10-27 09:39:25,353 - SyncCardsLogger - DEBUG - POST para http://127.0.0.1:8765 com payload: {'action': 'addNote', 'version': 6, 'params': {'note': {'deckName': 'Default', 'modelName': 'Basic', 'fields': {'Front': 'Qual a capital da França?', 'Back': 'Paris'}, 'tags': []}}}
2025-10-27 09:39:25,374 - SyncCardsLogger - INFO - Resposta do AnkiConnect recebida: {'result': None, 'error': 'model was not found: Basic'}
2025-10-27 09:39:25,374 - SyncCardsLogger - DEBUG - Resposta do modelo 1: {'result': None, 'error': 'model was not found: Basic'}
2025-10-27 09:39:25,374 - SyncCardsLogger - INFO - Envio concluído. 1 resposta(s) recebida(s).
2025-10-27 09:39:25,374 - SyncCardsLogger - INFO - Resultados finais: [{'result': None, 'error': 'model was not found: Basic'}]
2025-10-27 09:42:59,034 - SyncCardsLogger - INFO - InputHandler iniciado com filepath=input/data.json
2025-10-27 09:42:59,034 - SyncCardsLogger - INFO - Arquivo input/data.json lido com sucesso. 1 item(s) carregado(s).
2025-10-27 09:42:59,035 - SyncCardsLogger - INFO - Dados coletados: [{'front': 'Qual a capital da França?', 'back': 'Paris'}]
2025-10-27 09:42:59,035 - SyncCardsLogger - INFO - Processador iniciado com 1 item(s).
2025-10-27 09:42:59,035 - SyncCardsLogger - INFO - Processamento concluído: 1 item(s) válidos, 0 item(s) com erros.
2025-10-27 09:42:59,035 - SyncCardsLogger - INFO - Itens processados: [{'front': 'Qual a capital da França?', 'back': 'Paris'}]
2025-10-27 09:42:59,035 - SyncCardsLogger - INFO - NoteFactory iniciado com 1 item(s) processado(s).
2025-10-27 09:42:59,035 - SyncCardsLogger - DEBUG - Nota 0 criada: Front='Qual a capital da França?', Back='Paris'
2025-10-27 09:42:59,035 - SyncCardsLogger - INFO - Total de 1 nota(s) criada(s).
2025-10-27 09:42:59,035 - SyncCardsLogger - INFO - Notas criadas: [{'deckName': 'Default', 'modelName': 'Básico', 'fields': {'Front': 'Qual a capital da França?', 'Back': 'Paris'}, 'tags': []}]
2025-10-27 09:42:59,035 - SyncCardsLogger - INFO - ModelBuilder iniciado com 1 nota(s).
2025-10-27 09:42:59,035 - SyncCardsLogger - DEBUG - Modelo 0 criado para nota: Front='Qual a capital da França?', Back='Paris'
2025-10-27 09:42:59,035 - SyncCardsLogger - INFO - Total de 1 modelo(s) criado(s).
2025-10-27 09:42:59,035 - SyncCardsLogger - INFO - Modelos criados: [{'action': 'addNote', 'version': 6, 'params': {'note': {'deckName': 'Default', 'modelName': 'Básico', 'fields': {'Front': 'Qual a capital da França?', 'Back': 'Paris'}, 'tags': []}}}]
2025-10-27 09:42:59,035 - SyncCardsLogger - INFO - AnkiService iniciado com 1 modelo(s).
2025-10-27 09:42:59,035 - SyncCardsLogger - INFO - Iniciando envio de 1 modelo(s) para o AnkiConnect.
2025-10-27 09:42:59,035 - SyncCardsLogger - DEBUG - Enviando modelo 1/1: {'action': 'addNote', 'version': 6, 'params': {'note': {'deckName': 'Default', 'modelName': 'Básico', 'fields': {'Front': 'Qual a capital da França?', 'Back': 'Paris'}, 'tags': []}}}
2025-10-27 09:42:59,036 - SyncCardsLogger - DEBUG - POST para http://127.0.0.1:8765 com payload: {'action': 'addNote', 'version': 6, 'params': {'note': {'deckName': 'Default', 'modelName': 'Básico', 'fields': {'Front': 'Qual a capital da França?', 'Back': 'Paris'}, 'tags': []}}}
2025-10-27 09:42:59,049 - SyncCardsLogger - INFO - Resposta do AnkiConnect recebida: {'result': None, 'error': 'deck was not found: Default'}
2025-10-27 09:42:59,054 - SyncCardsLogger - DEBUG - Resposta do modelo 1: {'result': None, 'error': 'deck was not found: Default'}
2025-10-27 09:42:59,055 - SyncCardsLogger - INFO - Envio concluído. 1 resposta(s) recebida(s).
2025-10-27 09:42:59,055 - SyncCardsLogger - INFO - Resultados finais: [{'result': None, 'error': 'deck was not found: Default'}]
2025-10-27 09:44:41,754 - SyncCardsLogger - INFO - InputHandler iniciado com filepath=input/data.json
2025-10-27 09:44:41,755 - SyncCardsLogger - INFO - Arquivo input/data.json lido com sucesso. 1 item(s) carregado(s).
2025-10-27 09:44:41,755 - SyncCardsLogger - INFO - Dados coletados: [{'front': 'Qual a capital da França?', 'back': 'Paris'}]
2025-10-27 09:44:41,755 - SyncCardsLogger - INFO - Processador iniciado com 1 item(s).
2025-10-27 09:44:41,755 - SyncCardsLogger - INFO - Processamento concluído: 1 item(s) válidos, 0 item(s) com erros.
2025-10-27 09:44:41,755 - SyncCardsLogger - INFO - Itens processados: [{'front': 'Qual a capital da França?', 'back': 'Paris'}]
2025-10-27 09:44:41,755 - SyncCardsLogger - INFO - NoteFactory iniciado com 1 item(s) processado(s).
2025-10-27 09:44:41,755 - SyncCardsLogger - DEBUG - Nota 0 criada: Front='Qual a capital da França?', Back='Paris'
2025-10-27 09:44:41,755 - SyncCardsLogger - INFO - Total de 1 nota(s) criada(s).
2025-10-27 09:44:41,755 - SyncCardsLogger - INFO - Notas criadas: [{'deckName': 'teste', 'modelName': 'Básico', 'fields': {'Front': 'Qual a capital da França?', 'Back': 'Paris'}, 'tags': []}]
2025-10-27 09:44:41,755 - SyncCardsLogger - INFO - ModelBuilder iniciado com 1 nota(s).
2025-10-27 09:44:41,755 - SyncCardsLogger - DEBUG - Modelo 0 criado para nota: Front='Qual a capital da França?', Back='Paris'
2025-10-27 09:44:41,756 - SyncCardsLogger - INFO - Total de 1 modelo(s) criado(s).
2025-10-27 09:44:41,756 - SyncCardsLogger - INFO - Modelos criados: [{'action': 'addNote', 'version': 6, 'params': {'note': {'deckName': 'teste', 'modelName': 'Básico', 'fields': {'Front': 'Qual a capital da França?', 'Back': 'Paris'}, 'tags': []}}}]
2025-10-27 09:44:41,756 - SyncCardsLogger - INFO - AnkiService iniciado com 1 modelo(s).
2025-10-27 09:44:41,756 - SyncCardsLogger - INFO - Iniciando envio de 1 modelo(s) para o AnkiConnect.
2025-10-27 09:44:41,756 - SyncCardsLogger - DEBUG - Enviando modelo 1/1: {'action': 'addNote', 'version': 6, 'params': {'note': {'deckName': 'teste', 'modelName': 'Básico', 'fields': {'Front': 'Qual a capital da França?', 'Back': 'Paris'}, 'tags': []}}}
2025-10-27 09:44:41,756 - SyncCardsLogger - DEBUG - POST para http://127.0.0.1:8765 com payload: {'action': 'addNote', 'version': 6, 'params': {'note': {'deckName': 'teste', 'modelName': 'Básico', 'fields': {'Front': 'Qual a capital da França?', 'Back': 'Paris'}, 'tags': []}}}
2025-10-27 09:44:41,774 - SyncCardsLogger - INFO - Resposta do AnkiConnect recebida: {'result': None, 'error': 'cannot create note because it is empty'}
2025-10-27 09:44:41,774 - SyncCardsLogger - DEBUG - Resposta do modelo 1: {'result': None, 'error': 'cannot create note because it is empty'}
2025-10-27 09:44:41,774 - SyncCardsLogger - INFO - Envio concluído. 1 resposta(s) recebida(s).
2025-10-27 09:44:41,774 - SyncCardsLogger - INFO - Resultados finais: [{'result': None, 'error': 'cannot create note because it is empty'}]
2025-10-27 09:45:54,595 - SyncCardsLogger - INFO - InputHandler iniciado com filepath=input/data.json
2025-10-27 09:45:54,596 - SyncCardsLogger - INFO - Arquivo input/data.json lido com sucesso. 1 item(s) carregado(s).
2025-10-27 09:45:54,596 - SyncCardsLogger - INFO - Dados coletados: [{'front': 'Qual a capital da França?', 'back': 'Paris'}]
2025-10-27 09:45:54,596 - SyncCardsLogger - INFO - Processador iniciado com 1 item(s).
2025-10-27 09:45:54,596 - SyncCardsLogger - INFO - Processamento concluído: 1 item(s) válidos, 0 item(s) com erros.
2025-10-27 09:45:54,596 - SyncCardsLogger - INFO - Itens processados: [{'front': 'Qual a capital da França?', 'back': 'Paris'}]
2025-10-27 09:45:54,596 - SyncCardsLogger - INFO - NoteFactory iniciado com 1 item(s) processado(s).
2025-10-27 09:45:54,596 - SyncCardsLogger - DEBUG - Nota 0 criada: Front='', Back=''
2025-10-27 09:45:54,596 - SyncCardsLogger - INFO - Total de 1 nota(s) criada(s).
2025-10-27 09:45:54,596 - SyncCardsLogger - INFO - Notas criadas: [{'deckName': 'teste', 'modelName': 'Básico', 'fields': {'Front': '', 'Back': ''}, 'tags': []}]
2025-10-27 09:45:54,596 - SyncCardsLogger - INFO - ModelBuilder iniciado com 1 nota(s).
2025-10-27 09:45:54,596 - SyncCardsLogger - DEBUG - Modelo 0 criado para nota: Front='', Back=''
2025-10-27 09:45:54,597 - SyncCardsLogger - INFO - Total de 1 modelo(s) criado(s).
2025-10-27 09:45:54,597 - SyncCardsLogger - INFO - Modelos criados: [{'action': 'addNote', 'version': 6, 'params': {'note': {'deckName': 'teste', 'modelName': 'Básico', 'fields': {'Front': '', 'Back': ''}, 'tags': []}}}]
2025-10-27 09:45:54,597 - SyncCardsLogger - INFO - AnkiService iniciado com 1 modelo(s).
2025-10-27 09:45:54,597 - SyncCardsLogger - INFO - Iniciando envio de 1 modelo(s) para o AnkiConnect.
2025-10-27 09:45:54,597 - SyncCardsLogger - DEBUG - Enviando modelo 1/1: {'action': 'addNote', 'version': 6, 'params': {'note': {'deckName': 'teste', 'modelName': 'Básico', 'fields': {'Front': '', 'Back': ''}, 'tags': []}}}
2025-10-27 09:45:54,597 - SyncCardsLogger - DEBUG - POST para http://127.0.0.1:8765 com payload: {'action': 'addNote', 'version': 6, 'params': {'note': {'deckName': 'teste', 'modelName': 'Básico', 'fields': {'Front': '', 'Back': ''}, 'tags': []}}}
2025-10-27 09:45:54,621 - SyncCardsLogger - INFO - Resposta do AnkiConnect recebida: {'result': None, 'error': 'cannot create note because it is empty'}
2025-10-27 09:45:54,621 - SyncCardsLogger - DEBUG - Resposta do modelo 1: {'result': None, 'error': 'cannot create note because it is empty'}
2025-10-27 09:45:54,624 - SyncCardsLogger - INFO - Envio concluído. 1 resposta(s) recebida(s).
2025-10-27 09:45:54,624 - SyncCardsLogger - INFO - Resultados finais: [{'result': None, 'error': 'cannot create note because it is empty'}]
2025-10-27 09:46:43,891 - SyncCardsLogger - INFO - InputHandler iniciado com filepath=input/data.json
2025-10-27 09:46:43,891 - SyncCardsLogger - INFO - Arquivo input/data.json lido com sucesso. 1 item(s) carregado(s).
2025-10-27 09:46:43,891 - SyncCardsLogger - INFO - Dados coletados: [{'front': 'Qual a capital da França?', 'back': 'Paris'}]
2025-10-27 09:46:43,891 - SyncCardsLogger - INFO - Processador iniciado com 1 item(s).
2025-10-27 09:46:43,891 - SyncCardsLogger - INFO - Processamento concluído: 1 item(s) válidos, 0 item(s) com erros.
2025-10-27 09:46:43,892 - SyncCardsLogger - INFO - Itens processados: [{'front': 'Qual a capital da França?', 'back': 'Paris'}]
2025-10-27 09:46:43,892 - SyncCardsLogger - INFO - NoteFactory iniciado com 1 item(s) processado(s).
2025-10-27 09:46:43,892 - SyncCardsLogger - DEBUG - Nota 0 criada: Front='', Back=''
2025-10-27 09:46:43,892 - SyncCardsLogger - INFO - Total de 1 nota(s) criada(s).
2025-10-27 09:46:43,892 - SyncCardsLogger - INFO - Notas criadas: [{'deckName': 'teste', 'modelName': 'Básico', 'fields': {'Front': '', 'Back': ''}, 'tags': []}]
2025-10-27 09:46:43,892 - SyncCardsLogger - INFO - ModelBuilder iniciado com 1 nota(s).
2025-10-27 09:46:43,892 - SyncCardsLogger - DEBUG - Modelo 0 criado para nota: Front='', Back=''
2025-10-27 09:46:43,892 - SyncCardsLogger - INFO - Total de 1 modelo(s) criado(s).
2025-10-27 09:46:43,892 - SyncCardsLogger - INFO - Modelos criados: [{'action': 'addNote', 'version': 6, 'params': {'note': {'deckName': 'teste', 'modelName': 'Básico', 'fields': {'Front': '', 'Back': ''}, 'tags': []}}}]
2025-10-27 09:46:43,892 - SyncCardsLogger - INFO - AnkiService iniciado com 1 modelo(s).
2025-10-27 09:46:43,892 - SyncCardsLogger - INFO - Iniciando envio de 1 modelo(s) para o AnkiConnect.
2025-10-27 09:46:43,892 - SyncCardsLogger - DEBUG - Enviando modelo 1/1: {'action': 'addNote', 'version': 6, 'params': {'note': {'deckName': 'teste', 'modelName': 'Básico', 'fields': {'Front': '', 'Back': ''}, 'tags': []}}}
2025-10-27 09:46:43,892 - SyncCardsLogger - DEBUG - POST para http://127.0.0.1:8765 com payload: {'action': 'addNote', 'version': 6, 'params': {'note': {'deckName': 'teste', 'modelName': 'Básico', 'fields': {'Front': '', 'Back': ''}, 'tags': []}}}
2025-10-27 09:46:43,921 - SyncCardsLogger - INFO - Resposta do AnkiConnect recebida: {'result': None, 'error': 'cannot create note because it is empty'}
2025-10-27 09:46:43,921 - SyncCardsLogger - DEBUG - Resposta do modelo 1: {'result': None, 'error': 'cannot create note because it is empty'}
2025-10-27 09:46:43,923 - SyncCardsLogger - INFO - Envio concluído. 1 resposta(s) recebida(s).
2025-10-27 09:46:43,924 - SyncCardsLogger - INFO - Resultados finais: [{'result': None, 'error': 'cannot create note because it is empty'}]
2025-10-27 09:47:31,745 - SyncCardsLogger - INFO - InputHandler iniciado com filepath=input/data.json
2025-10-27 09:47:31,745 - SyncCardsLogger - INFO - Arquivo input/data.json lido com sucesso. 1 item(s) carregado(s).
2025-10-27 09:47:31,745 - SyncCardsLogger - INFO - Dados coletados: [{'front': 'Qual a capital da França?', 'back': 'Paris'}]
2025-10-27 09:47:31,745 - SyncCardsLogger - INFO - Processador iniciado com 1 item(s).
2025-10-27 09:47:31,745 - SyncCardsLogger - INFO - Processamento concluído: 1 item(s) válidos, 0 item(s) com erros.
2025-10-27 09:47:31,745 - SyncCardsLogger - INFO - Itens processados: [{'front': 'Qual a capital da França?', 'back': 'Paris'}]
2025-10-27 09:47:31,746 - SyncCardsLogger - INFO - NoteFactory iniciado com 1 item(s) processado(s).
2025-10-27 09:48:56,254 - SyncCardsLogger - INFO - InputHandler iniciado com filepath=input/data.json
2025-10-27 09:48:56,254 - SyncCardsLogger - INFO - Arquivo input/data.json lido com sucesso. 1 item(s) carregado(s).
2025-10-27 09:48:56,254 - SyncCardsLogger - INFO - Dados coletados: [{'frente': 'Qual a capital da França?', 'verso': 'Paris'}]
2025-10-27 09:48:56,254 - SyncCardsLogger - INFO - Processador iniciado com 1 item(s).
2025-10-27 09:48:56,254 - SyncCardsLogger - WARNING - Item 0 com erros: ['missing_field: front', 'missing_field: back', 'empty_field: front', 'empty_field: back']
2025-10-27 09:48:56,254 - SyncCardsLogger - INFO - Processamento concluído: 0 item(s) válidos, 1 item(s) com erros.
2025-10-27 09:48:56,255 - SyncCardsLogger - INFO - Itens processados: []
2025-10-27 09:48:56,255 - SyncCardsLogger - INFO - NoteFactory iniciado com 0 item(s) processado(s).
2025-10-27 09:48:56,255 - SyncCardsLogger - INFO - Total de 0 nota(s) criada(s).
2025-10-27 09:48:56,255 - SyncCardsLogger - INFO - Notas criadas: []
2025-10-27 09:48:56,255 - SyncCardsLogger - INFO - ModelBuilder iniciado com 0 nota(s).
2025-10-27 09:48:56,255 - SyncCardsLogger - INFO - Total de 0 modelo(s) criado(s).
2025-10-27 09:48:56,255 - SyncCardsLogger - INFO - Modelos criados: []
2025-10-27 09:48:56,255 - SyncCardsLogger - INFO - AnkiService iniciado com 0 modelo(s).
2025-10-27 09:48:56,255 - SyncCardsLogger - INFO - Iniciando envio de 0 modelo(s) para o AnkiConnect.
2025-10-27 09:48:56,255 - SyncCardsLogger - INFO - Envio concluído. 0 resposta(s) recebida(s).
2025-10-27 09:48:56,255 - SyncCardsLogger - INFO - Resultados finais: []
2025-10-27 09:49:40,725 - SyncCardsLogger - INFO - InputHandler iniciado com filepath=input/data.json
2025-10-27 09:49:40,725 - SyncCardsLogger - INFO - Arquivo input/data.json lido com sucesso. 1 item(s) carregado(s).
2025-10-27 09:49:40,725 - SyncCardsLogger - INFO - Dados coletados: [{'frente': 'Qual a capital da França?', 'verso': 'Paris'}]
2025-10-27 09:49:40,725 - SyncCardsLogger - INFO - Processador iniciado com 1 item(s).
2025-10-27 09:49:40,725 - SyncCardsLogger - INFO - Processamento concluído: 1 item(s) válidos, 0 item(s) com erros.
2025-10-27 09:49:40,725 - SyncCardsLogger - INFO - Itens processados: [{'frente': 'Qual a capital da França?', 'verso': 'Paris'}]
2025-10-27 09:49:40,725 - SyncCardsLogger - INFO - NoteFactory iniciado com 1 item(s) processado(s).
2025-10-27 09:51:08,490 - SyncCardsLogger - INFO - InputHandler iniciado com filepath=input/data.json
2025-10-27 09:51:08,490 - SyncCardsLogger - INFO - Arquivo input/data.json lido com sucesso. 1 item(s) carregado(s).
2025-10-27 09:51:08,490 - SyncCardsLogger - INFO - Dados coletados: [{'frente': 'Qual a capital da França?', 'verso': 'Paris'}]
2025-10-27 09:51:08,490 - SyncCardsLogger - INFO - Processador iniciado com 1 item(s).
2025-10-27 09:51:08,491 - SyncCardsLogger - INFO - Processamento concluído: 1 item(s) válidos, 0 item(s) com erros.
2025-10-27 09:51:08,491 - SyncCardsLogger - INFO - Itens processados: [{'frente': 'Qual a capital da França?', 'verso': 'Paris'}]
2025-10-27 09:51:08,491 - SyncCardsLogger - INFO - NoteFactory iniciado com 1 item(s) processado(s).
2025-10-27 09:51:08,491 - SyncCardsLogger - DEBUG - Nota 0 criada: Frente='', Verso=''
2025-10-27 09:51:08,491 - SyncCardsLogger - INFO - Total de 1 nota(s) criada(s).
2025-10-27 09:51:08,491 - SyncCardsLogger - INFO - Notas criadas: [{'deckName': 'teste', 'modelName': 'Básico', 'fields': {'Frente': '', 'Verso': ''}, 'tags': []}]
2025-10-27 09:51:08,491 - SyncCardsLogger - INFO - ModelBuilder iniciado com 1 nota(s).
2025-10-27 09:52:03,304 - SyncCardsLogger - INFO - InputHandler iniciado com filepath=input/data.json
2025-10-27 09:52:03,304 - SyncCardsLogger - INFO - Arquivo input/data.json lido com sucesso. 1 item(s) carregado(s).
2025-10-27 09:52:03,305 - SyncCardsLogger - INFO - Dados coletados: [{'frente': 'Qual a capital da França?', 'verso': 'Paris'}]
2025-10-27 09:52:03,305 - SyncCardsLogger - INFO - Processador iniciado com 1 item(s).
2025-10-27 09:52:03,305 - SyncCardsLogger - INFO - Processamento concluído: 1 item(s) válidos, 0 item(s) com erros.
2025-10-27 09:52:03,305 - SyncCardsLogger - INFO - Itens processados: [{'frente': 'Qual a capital da França?', 'verso': 'Paris'}]
2025-10-27 09:52:03,305 - SyncCardsLogger - INFO - NoteFactory iniciado com 1 item(s) processado(s).
2025-10-27 09:52:03,305 - SyncCardsLogger - DEBUG - Nota 0 criada: Frente='', Verso=''
2025-10-27 09:52:03,305 - SyncCardsLogger - INFO - Total de 1 nota(s) criada(s).
2025-10-27 09:52:03,305 - SyncCardsLogger - INFO - Notas criadas: [{'deckName': 'teste', 'modelName': 'Básico', 'fields': {'Frente': '', 'Verso': ''}, 'tags': []}]
2025-10-27 09:52:03,305 - SyncCardsLogger - INFO - ModelBuilder iniciado com 1 nota(s).
2025-10-27 09:52:03,305 - SyncCardsLogger - DEBUG - Modelo 0 criado para nota: Frente='', Verso=''
2025-10-27 09:52:03,305 - SyncCardsLogger - INFO - Total de 1 modelo(s) criado(s).
2025-10-27 09:52:03,305 - SyncCardsLogger - INFO - Modelos criados: [{'action': 'addNote', 'version': 6, 'params': {'note': {'deckName': 'teste', 'modelName': 'Básico', 'fields': {'Frente': '', 'Verso': ''}, 'tags': []}}}]
2025-10-27 09:52:03,305 - SyncCardsLogger - INFO - AnkiService iniciado com 1 modelo(s).
2025-10-27 09:52:03,305 - SyncCardsLogger - INFO - Iniciando envio de 1 modelo(s) para o AnkiConnect.
2025-10-27 09:52:03,305 - SyncCardsLogger - DEBUG - Enviando modelo 1/1: {'action': 'addNote', 'version': 6, 'params': {'note': {'deckName': 'teste', 'modelName': 'Básico', 'fields': {'Frente': '', 'Verso': ''}, 'tags': []}}}
2025-10-27 09:52:03,306 - SyncCardsLogger - DEBUG - POST para http://127.0.0.1:8765 com payload: {'action': 'addNote', 'version': 6, 'params': {'note': {'deckName': 'teste', 'modelName': 'Básico', 'fields': {'Frente': '', 'Verso': ''}, 'tags': []}}}
2025-10-27 09:52:03,326 - SyncCardsLogger - INFO - Resposta do AnkiConnect recebida: {'result': None, 'error': 'cannot create note because it is empty'}
2025-10-27 09:52:03,328 - SyncCardsLogger - DEBUG - Resposta do modelo 1: {'result': None, 'error': 'cannot create note because it is empty'}
2025-10-27 09:52:03,328 - SyncCardsLogger - INFO - Envio concluído. 1 resposta(s) recebida(s).
2025-10-27 09:52:03,328 - SyncCardsLogger - INFO - Resultados finais: [{'result': None, 'error': 'cannot create note because it is empty'}]
2025-10-27 09:53:04,468 - SyncCardsLogger - INFO - InputHandler iniciado com filepath=input/data.json
2025-10-27 09:53:04,468 - SyncCardsLogger - INFO - Arquivo input/data.json lido com sucesso. 1 item(s) carregado(s).
2025-10-27 09:53:04,468 - SyncCardsLogger - INFO - Dados coletados: [{'frente': 'Qual a capital da França?', 'verso': 'Paris'}]
2025-10-27 09:53:04,468 - SyncCardsLogger - INFO - Processador iniciado com 1 item(s).
2025-10-27 09:53:04,469 - SyncCardsLogger - INFO - Processamento concluído: 1 item(s) válidos, 0 item(s) com erros.
2025-10-27 09:53:04,469 - SyncCardsLogger - INFO - Itens processados: [{'frente': 'Qual a capital da França?', 'verso': 'Paris'}]
2025-10-27 09:53:04,469 - SyncCardsLogger - INFO - NoteFactory iniciado com 1 item(s) processado(s).
2025-10-27 09:53:04,469 - SyncCardsLogger - DEBUG - Nota 0 criada: Frente='Qual a capital da França?', Verso='Paris'
2025-10-27 09:53:04,469 - SyncCardsLogger - INFO - Total de 1 nota(s) criada(s).
2025-10-27 09:53:04,469 - SyncCardsLogger - INFO - Notas criadas: [{'deckName': 'teste', 'modelName': 'Básico', 'fields': {'Frente': 'Qual a capital da França?', 'Verso': 'Paris'}, 'tags': []}]
2025-10-27 09:53:04,469 - SyncCardsLogger - INFO - ModelBuilder iniciado com 1 nota(s).
2025-10-27 09:53:04,469 - SyncCardsLogger - DEBUG - Modelo 0 criado para nota: Frente='Qual a capital da França?', Verso='Paris'
2025-10-27 09:53:04,469 - SyncCardsLogger - INFO - Total de 1 modelo(s) criado(s).
2025-10-27 09:53:04,469 - SyncCardsLogger - INFO - Modelos criados: [{'action': 'addNote', 'version': 6, 'params': {'note': {'deckName': 'teste', 'modelName': 'Básico', 'fields': {'Frente': 'Qual a capital da França?', 'Verso': 'Paris'}, 'tags': []}}}]
2025-10-27 09:53:04,469 - SyncCardsLogger - INFO - AnkiService iniciado com 1 modelo(s).
2025-10-27 09:53:04,469 - SyncCardsLogger - INFO - Iniciando envio de 1 modelo(s) para o AnkiConnect.
2025-10-27 09:53:04,469 - SyncCardsLogger - DEBUG - Enviando modelo 1/1: {'action': 'addNote', 'version': 6, 'params': {'note': {'deckName': 'teste', 'modelName': 'Básico', 'fields': {'Frente': 'Qual a capital da França?', 'Verso': 'Paris'}, 'tags': []}}}
2025-10-27 09:53:04,469 - SyncCardsLogger - DEBUG - POST para http://127.0.0.1:8765 com payload: {'action': 'addNote', 'version': 6, 'params': {'note': {'deckName': 'teste', 'modelName': 'Básico', 'fields': {'Frente': 'Qual a capital da França?', 'Verso': 'Paris'}, 'tags': []}}}
2025-10-27 09:53:04,505 - SyncCardsLogger - INFO - Resposta do AnkiConnect recebida: {'result': 1761569584498, 'error': None}
2025-10-27 09:53:04,506 - SyncCardsLogger - DEBUG - Resposta do modelo 1: {'result': 1761569584498, 'error': None}
2025-10-27 09:53:04,506 - SyncCardsLogger - INFO - Envio concluído. 1 resposta(s) recebida(s).
2025-10-27 09:53:04,506 - SyncCardsLogger - INFO - Resultados finais: [{'result': 1761569584498, 'error': None}]
